Log file open, 03/05/18 18:04:14
LogWindows: Failed to load 'aqProf.dll' (GetLastError=126)
LogWindows: File 'aqProf.dll' does not exist
LogWindows: Failed to load 'VSPerf140.dll' (GetLastError=126)
LogWindows: File 'VSPerf140.dll' does not exist
LogWindows: Failed to load 'VtuneApi.dll' (GetLastError=126)
LogWindows: File 'VtuneApi.dll' does not exist
LogWindows: Failed to load 'VtuneApi32e.dll' (GetLastError=126)
LogWindows: File 'VtuneApi32e.dll' does not exist
LogInit: Display: Running engine for game: EscapeGame
LogPlatformFile: Not using cached read wrapper
LogInit: Display: RandInit(504606784) SRandInit(504606784).
LogInit: Read version file with build ID '3709383'
LogInit: Overriding engine version to CL 3832480, compatible CL 3709383
LogInit: Registered custom module enumerator with build ID '3709383'
LogTaskGraph: Started task graph with 5 named threads and 8 total threads with 3 sets of task threads.
LogStats: Stats thread started at 0.203316
LogD3D11RHI: Aftermath initialized
LogPluginManager: Mounting plugin Paper2D
LogPluginManager: Mounting plugin LightPropagationVolume
LogPluginManager: Mounting plugin CodeLiteSourceCodeAccess
LogPluginManager: Mounting plugin GitSourceControl
LogPluginManager: Mounting plugin KDevelopSourceCodeAccess
LogPluginManager: Mounting plugin NullSourceCodeAccess
LogPluginManager: Mounting plugin PerforceSourceControl
LogPluginManager: Mounting plugin SubversionSourceControl
LogPluginManager: Mounting plugin UObjectPlugin
LogPluginManager: Mounting plugin VisualStudioCodeSourceCodeAccess
LogPluginManager: Mounting plugin VisualStudioSourceCodeAccess
LogPluginManager: Mounting plugin XCodeSourceCodeAccess
LogPluginManager: Mounting plugin AssetManagerEditor
LogPluginManager: Mounting plugin AudioCapture
LogPluginManager: Mounting plugin FacialAnimation
LogPluginManager: Mounting plugin GameplayTagsEditor
LogPluginManager: Mounting plugin MobileLauncherProfileWizard
LogPluginManager: Mounting plugin PluginBrowser
LogPluginManager: Mounting plugin SpeedTreeImporter
LogPluginManager: Mounting plugin AlembicImporter
LogPluginManager: Mounting plugin CharacterAI
LogPluginManager: Mounting plugin HTML5Networking
LogPluginManager: Mounting plugin AndroidMedia
LogPluginManager: Mounting plugin AvfMedia
LogPluginManager: Mounting plugin ImgMedia
LogPluginManager: Mounting plugin MediaCompositing
LogPluginManager: Mounting plugin MediaPlayerEditor
LogPluginManager: Mounting plugin WmfMedia
LogPluginManager: Mounting plugin TcpMessaging
LogPluginManager: Mounting plugin UdpMessaging
LogPluginManager: Mounting plugin ActorSequence
LogPluginManager: Mounting plugin LevelSequenceEditor
LogPluginManager: Mounting plugin MatineeToLevelSequence
LogPluginManager: Mounting plugin OnlineSubsystemGooglePlay
LogPluginManager: Mounting plugin OnlineSubsystemIOS
LogPluginManager: Mounting plugin OnlineSubsystem
LogPluginManager: Mounting plugin OnlineSubsystemNull
LogPluginManager: Mounting plugin OnlineSubsystemUtils
LogPluginManager: Mounting plugin AndroidDeviceProfileSelector
LogPluginManager: Mounting plugin AndroidMoviePlayer
LogPluginManager: Mounting plugin AndroidPermission
LogPluginManager: Mounting plugin AppleARKit
LogPluginManager: Mounting plugin AppleMoviePlayer
LogPluginManager: Mounting plugin ArchVisCharacter
LogPluginManager: Mounting plugin CableComponent
LogPluginManager: Mounting plugin CustomMeshComponent
LogPluginManager: Mounting plugin ExampleDeviceProfileSelector
LogPluginManager: Mounting plugin GoogleCloudMessaging
LogPluginManager: Mounting plugin ImmediatePhysics
LogPluginManager: Mounting plugin IOSDeviceProfileSelector
LogPluginManager: Mounting plugin LinuxDeviceProfileSelector
LogPluginManager: Mounting plugin LocationServicesBPLibrary
LogPluginManager: Mounting plugin MobilePatchingUtils
LogPluginManager: Mounting plugin OculusVR
LogPluginManager: Plugin shader directory ../../../Engine/Plugins/Runtime/Oculus/OculusVR/Shaders found
LogPluginManager: Mapping shader source directory ../../../Engine/Plugins/Runtime/Oculus/OculusVR/Shaders to virtual directory /Plugin/OculusVR
LogPluginManager: Mounting plugin PhysXVehicles
LogPluginManager: Mounting plugin ProceduralMeshComponent
LogPluginManager: Mounting plugin RuntimePhysXCooking
LogPluginManager: Mounting plugin SteamVR
LogPluginManager: Mounting plugin WindowsMoviePlayer
LogModuleManager: Display: Found up-to-date module file ../../../../../../Users/sarah/source/repos/Unreal-Engine/Escape Game/EscapeGame/Binaries/Win64/UE4Editor-EscapeGame.dll (API version 3709383).
LogModuleManager: Display: Found up-to-date module file ../../../Engine/Plugins/2D/Paper2D/Binaries/Win64/UE4Editor-Paper2D.dll (API version 3709383).
LogModuleManager: Display: Found up-to-date module file ../../../Engine/Plugins/2D/Paper2D/Binaries/Win64/UE4Editor-Paper2DEditor.dll (API version 3709383).
LogModuleManager: Display: Found up-to-date module file ../../../Engine/Plugins/2D/Paper2D/Binaries/Win64/UE4Editor-PaperSpriteSheetImporter.dll (API version 3709383).
LogModuleManager: Display: Found up-to-date module file ../../../Engine/Plugins/2D/Paper2D/Binaries/Win64/UE4Editor-PaperTiledImporter.dll (API version 3709383).
LogModuleManager: Display: Found up-to-date module file ../../../Engine/Plugins/2D/Paper2D/Binaries/Win64/UE4Editor-SmartSnapping.dll (API version 3709383).
LogModuleManager: Display: Found up-to-date module file ../../../Engine/Plugins/Blendables/LightPropagationVolume/Binaries/Win64/UE4Editor-LightPropagationVolumeRuntime.dll (API version 3709383).
LogModuleManager: Display: Found up-to-date module file ../../../Engine/Plugins/Blendables/LightPropagationVolume/Binaries/Win64/UE4Editor-LightPropagationVolumeEditor.dll (API version 3709383).
LogModuleManager: Display: Found up-to-date module file ../../../Engine/Plugins/Developer/GitSourceControl/Binaries/Win64/UE4Editor-GitSourceControl.dll (API version 3709383).
LogModuleManager: Display: Found up-to-date module file ../../../Engine/Plugins/Developer/PerforceSourceControl/Binaries/Win64/UE4Editor-PerforceSourceControl.dll (API version 3709383).
LogModuleManager: Display: Found up-to-date module file ../../../Engine/Plugins/Developer/SubversionSourceControl/Binaries/Win64/UE4Editor-SubversionSourceControl.dll (API version 3709383).
LogModuleManager: Display: Found up-to-date module file ../../../Engine/Plugins/Developer/UObjectPlugin/Binaries/Win64/UE4Editor-UObjectPlugin.dll (API version 3709383).
LogModuleManager: Display: Found up-to-date module file ../../../Engine/Plugins/Developer/VisualStudioCodeSourceCodeAccess/Binaries/Win64/UE4Editor-VisualStudioCodeSourceCodeAccess.dll (API version 3709383).
LogModuleManager: Display: Found up-to-date module file ../../../Engine/Plugins/Developer/VisualStudioSourceCodeAccess/Binaries/Win64/UE4Editor-VisualStudioSourceCodeAccess.dll (API version 3709383).
LogModuleManager: Display: Found up-to-date module file ../../../Engine/Plugins/Editor/AssetManagerEditor/Binaries/Win64/UE4Editor-AssetManagerEditor.dll (API version 3709383).
LogModuleManager: Display: Found up-to-date module file ../../../Engine/Plugins/Editor/AudioCapture/Binaries/Win64/UE4Editor-AudioCapture.dll (API version 3709383).
LogModuleManager: Display: Found up-to-date module file ../../../Engine/Plugins/Editor/FacialAnimation/Binaries/Win64/UE4Editor-FacialAnimation.dll (API version 3709383).
LogModuleManager: Display: Found up-to-date module file ../../../Engine/Plugins/Editor/FacialAnimation/Binaries/Win64/UE4Editor-FacialAnimationEditor.dll (API version 3709383).
LogModuleManager: Display: Found up-to-date module file ../../../Engine/Plugins/Editor/GameplayTagsEditor/Binaries/Win64/UE4Editor-GameplayTagsEditor.dll (API version 3709383).
LogModuleManager: Display: Found up-to-date module file ../../../Engine/Plugins/Editor/MobileLauncherProfileWizard/Binaries/Win64/UE4Editor-MobileLauncherProfileWizard.dll (API version 3709383).
LogModuleManager: Display: Found up-to-date module file ../../../Engine/Plugins/Editor/PluginBrowser/Binaries/Win64/UE4Editor-PluginBrowser.dll (API version 3709383).
LogModuleManager: Display: Found up-to-date module file ../../../Engine/Plugins/Editor/SpeedTreeImporter/Binaries/Win64/UE4Editor-SpeedTreeImporter.dll (API version 3709383).
LogModuleManager: Display: Found up-to-date module file ../../../Engine/Plugins/Experimental/AlembicImporter/Binaries/Win64/UE4Editor-AlembicImporter.dll (API version 3709383).
LogModuleManager: Display: Found up-to-date module file ../../../Engine/Plugins/Experimental/AlembicImporter/Binaries/Win64/UE4Editor-AlembicLibrary.dll (API version 3709383).
LogModuleManager: Display: Found up-to-date module file ../../../Engine/Plugins/Experimental/CharacterAI/Binaries/Win64/UE4Editor-CharacterAI.dll (API version 3709383).
LogModuleManager: Display: Found up-to-date module file ../../../Engine/Plugins/Experimental/HTML5Networking/Binaries/Win64/UE4Editor-HTML5Networking.dll (API version 3709383).
LogModuleManager: Display: Found up-to-date module file ../../../Engine/Plugins/Media/AndroidMedia/Binaries/Win64/UE4Editor-AndroidMediaEditor.dll (API version 3709383).
LogModuleManager: Display: Found up-to-date module file ../../../Engine/Plugins/Media/AndroidMedia/Binaries/Win64/UE4Editor-AndroidMediaFactory.dll (API version 3709383).
LogModuleManager: Display: Found up-to-date module file ../../../Engine/Plugins/Media/AvfMedia/Binaries/Win64/UE4Editor-AvfMediaEditor.dll (API version 3709383).
LogModuleManager: Display: Found up-to-date module file ../../../Engine/Plugins/Media/AvfMedia/Binaries/Win64/UE4Editor-AvfMediaFactory.dll (API version 3709383).
LogModuleManager: Display: Found up-to-date module file ../../../Engine/Plugins/Media/AvfMedia/Binaries/Win64/UE4Editor-AvfMediaFactory.dll (API version 3709383).
LogModuleManager: Display: Found up-to-date module file ../../../Engine/Plugins/Media/ImgMedia/Binaries/Win64/UE4Editor-ImgMedia.dll (API version 3709383).
LogModuleManager: Display: Found up-to-date module file ../../../Engine/Plugins/Media/ImgMedia/Binaries/Win64/UE4Editor-ImgMediaEditor.dll (API version 3709383).
LogModuleManager: Display: Found up-to-date module file ../../../Engine/Plugins/Media/ImgMedia/Binaries/Win64/UE4Editor-ImgMediaFactory.dll (API version 3709383).
LogModuleManager: Display: Found up-to-date module file ../../../Engine/Plugins/Media/ImgMedia/Binaries/Win64/UE4Editor-ImgMediaFactory.dll (API version 3709383).
LogModuleManager: Display: Found up-to-date module file ../../../Engine/Plugins/Media/ImgMedia/Binaries/Win64/UE4Editor-OpenExrWrapper.dll (API version 3709383).
LogModuleManager: Display: Found up-to-date module file ../../../Engine/Plugins/Media/MediaCompositing/Binaries/Win64/UE4Editor-MediaCompositing.dll (API version 3709383).
LogModuleManager: Display: Found up-to-date module file ../../../Engine/Plugins/Media/MediaCompositing/Binaries/Win64/UE4Editor-MediaCompositingEditor.dll (API version 3709383).
LogModuleManager: Display: Found up-to-date module file ../../../Engine/Plugins/Media/MediaPlayerEditor/Binaries/Win64/UE4Editor-MediaPlayerEditor.dll (API version 3709383).
LogModuleManager: Display: Found up-to-date module file ../../../Engine/Plugins/Media/WmfMedia/Binaries/Win64/UE4Editor-WmfMedia.dll (API version 3709383).
LogModuleManager: Display: Found up-to-date module file ../../../Engine/Plugins/Media/WmfMedia/Binaries/Win64/UE4Editor-WmfMediaEditor.dll (API version 3709383).
LogModuleManager: Display: Found up-to-date module file ../../../Engine/Plugins/Media/WmfMedia/Binaries/Win64/UE4Editor-WmfMediaFactory.dll (API version 3709383).
LogModuleManager: Display: Found up-to-date module file ../../../Engine/Plugins/Media/WmfMedia/Binaries/Win64/UE4Editor-WmfMediaFactory.dll (API version 3709383).
LogModuleManager: Display: Found up-to-date module file ../../../Engine/Plugins/Messaging/TcpMessaging/Binaries/Win64/UE4Editor-TcpMessaging.dll (API version 3709383).
LogModuleManager: Display: Found up-to-date module file ../../../Engine/Plugins/Messaging/UdpMessaging/Binaries/Win64/UE4Editor-UdpMessaging.dll (API version 3709383).
LogModuleManager: Display: Found up-to-date module file ../../../Engine/Plugins/MovieScene/ActorSequence/Binaries/Win64/UE4Editor-ActorSequence.dll (API version 3709383).
LogModuleManager: Display: Found up-to-date module file ../../../Engine/Plugins/MovieScene/LevelSequenceEditor/Binaries/Win64/UE4Editor-LevelSequenceEditor.dll (API version 3709383).
LogModuleManager: Display: Found up-to-date module file ../../../Engine/Plugins/MovieScene/MatineeToLevelSequence/Binaries/Win64/UE4Editor-MatineeToLevelSequence.dll (API version 3709383).
LogModuleManager: Display: Found up-to-date module file ../../../Engine/Plugins/Online/OnlineSubsystem/Binaries/Win64/UE4Editor-OnlineSubsystem.dll (API version 3709383).
LogModuleManager: Display: Found up-to-date module file ../../../Engine/Plugins/Online/OnlineSubsystemNull/Binaries/Win64/UE4Editor-OnlineSubsystemNull.dll (API version 3709383).
LogModuleManager: Display: Found up-to-date module file ../../../Engine/Plugins/Online/OnlineSubsystemUtils/Binaries/Win64/UE4Editor-OnlineSubsystemUtils.dll (API version 3709383).
LogModuleManager: Display: Found up-to-date module file ../../../Engine/Plugins/Online/OnlineSubsystemUtils/Binaries/Win64/UE4Editor-OnlineBlueprintSupport.dll (API version 3709383).
LogModuleManager: Display: Found up-to-date module file ../../../Engine/Plugins/Runtime/AndroidDeviceProfileSelector/Binaries/Win64/UE4Editor-AndroidDeviceProfileSelector.dll (API version 3709383).
LogModuleManager: Display: Found up-to-date module file ../../../Engine/Plugins/Runtime/AndroidPermission/Binaries/Win64/UE4Editor-AndroidPermission.dll (API version 3709383).
LogModuleManager: Display: Found up-to-date module file ../../../Engine/Plugins/Runtime/AppleARKit/Binaries/Win64/UE4Editor-AppleARKit.dll (API version 3709383).
LogModuleManager: Display: Found up-to-date module file ../../../Engine/Plugins/Runtime/ArchVisCharacter/Binaries/Win64/UE4Editor-ArchVisCharacter.dll (API version 3709383).
LogModuleManager: Display: Found up-to-date module file ../../../Engine/Plugins/Runtime/CableComponent/Binaries/Win64/UE4Editor-CableComponent.dll (API version 3709383).
LogModuleManager: Display: Found up-to-date module file ../../../Engine/Plugins/Runtime/CustomMeshComponent/Binaries/Win64/UE4Editor-CustomMeshComponent.dll (API version 3709383).
LogModuleManager: Display: Found up-to-date module file ../../../Engine/Plugins/Runtime/ExampleDeviceProfileSelector/Binaries/Win64/UE4Editor-ExampleDeviceProfileSelector.dll (API version 3709383).
LogModuleManager: Display: Found up-to-date module file ../../../Engine/Plugins/Runtime/ImmediatePhysics/Binaries/Win64/UE4Editor-ImmediatePhysics.dll (API version 3709383).
LogModuleManager: Display: Found up-to-date module file ../../../Engine/Plugins/Runtime/ImmediatePhysics/Binaries/Win64/UE4Editor-ImmediatePhysicsEditor.dll (API version 3709383).
LogModuleManager: Display: Found up-to-date module file ../../../Engine/Plugins/Runtime/LocationServicesBPLibrary/Binaries/Win64/UE4Editor-LocationServicesBPLibrary.dll (API version 3709383).
LogModuleManager: Display: Found up-to-date module file ../../../Engine/Plugins/Runtime/MobilePatchingUtils/Binaries/Win64/UE4Editor-MobilePatchingUtils.dll (API version 3709383).
LogModuleManager: Display: Found up-to-date module file ../../../Engine/Plugins/Runtime/Oculus/OculusVR/Binaries/Win64/UE4Editor-OculusHMD.dll (API version 3709383).
LogModuleManager: Display: Found up-to-date module file ../../../Engine/Plugins/Runtime/Oculus/OculusVR/Binaries/Win64/UE4Editor-OculusInput.dll (API version 3709383).
LogModuleManager: Display: Found up-to-date module file ../../../Engine/Plugins/Runtime/Oculus/OculusVR/Binaries/Win64/UE4Editor-OculusEditor.dll (API version 3709383).
LogModuleManager: Display: Found up-to-date module file ../../../Engine/Plugins/Runtime/PhysXVehicles/Binaries/Win64/UE4Editor-PhysXVehicles.dll (API version 3709383).
LogModuleManager: Display: Found up-to-date module file ../../../Engine/Plugins/Runtime/PhysXVehicles/Binaries/Win64/UE4Editor-PhysXVehiclesEditor.dll (API version 3709383).
LogModuleManager: Display: Found up-to-date module file ../../../Engine/Plugins/Runtime/ProceduralMeshComponent/Binaries/Win64/UE4Editor-ProceduralMeshComponent.dll (API version 3709383).
LogModuleManager: Display: Found up-to-date module file ../../../Engine/Plugins/Runtime/ProceduralMeshComponent/Binaries/Win64/UE4Editor-ProceduralMeshComponentEditor.dll (API version 3709383).
LogModuleManager: Display: Found up-to-date module file ../../../Engine/Plugins/Runtime/RuntimePhysXCooking/Binaries/Win64/UE4Editor-RuntimePhysXCooking.dll (API version 3709383).
LogModuleManager: Display: Found up-to-date module file ../../../Engine/Plugins/Runtime/Steam/SteamVR/Binaries/Win64/UE4Editor-SteamVR.dll (API version 3709383).
LogModuleManager: Display: Found up-to-date module file ../../../Engine/Plugins/Runtime/Steam/SteamVR/Binaries/Win64/UE4Editor-SteamVRController.dll (API version 3709383).
LogModuleManager: Display: Found up-to-date module file ../../../Engine/Plugins/Runtime/WindowsMoviePlayer/Binaries/Win64/UE4Editor-WindowsMoviePlayer.dll (API version 3709383).
LogInit: Using libcurl 7.47.1
LogInit:  - built for x86_64-pc-win32
LogInit:  - supports SSL with OpenSSL/1.0.2g
LogInit:  - supports HTTP deflate (compression) using libz 1.2.8
LogInit:  - other features:
LogInit:      CURL_VERSION_SSL
LogInit:      CURL_VERSION_LIBZ
LogInit:      CURL_VERSION_IPV6
LogInit:      CURL_VERSION_ASYNCHDNS
LogInit:      CURL_VERSION_LARGEFILE
LogInit:      CURL_VERSION_IDN
LogInit:  CurlRequestOptions (configurable via config and command line):
LogInit:  - bVerifyPeer = false  - Libcurl will NOT verify peer certificate
LogInit:  - bUseHttpProxy = false  - Libcurl will NOT use HTTP proxy
LogInit:  - bDontReuseConnections = false  - Libcurl will reuse connections
LogInit:  - CertBundlePath = nullptr  - Libcurl will use whatever was configured at build time.
LogInit: Build: ++UE4+Release-4.18-CL-3832480
LogInit: Engine Version: 4.18.3-3832480+++UE4+Release-4.18
LogInit: Compatible Engine Version: 4.18.0-3709383+++UE4+Release-4.18
LogInit: Net CL: 3709383
LogDevObjectVersion: Number of dev versions registered: 16
LogDevObjectVersion:   Dev-Blueprints (B0D832E4-1F89-4F0D-ACCF-7EB736FD4AA2): 10
LogDevObjectVersion:   Dev-Build (E1C64328-A22C-4D53-A36C-8E866417BD8C): 0
LogDevObjectVersion:   Dev-Core (375EC13C-06E4-48FB-B500-84F0262A717E): 2
LogDevObjectVersion:   Dev-Editor (E4B068ED-F494-42E9-A231-DA0B2E46BB41): 20
LogDevObjectVersion:   Dev-Framework (CFFC743F-43B0-4480-9391-14DF171D2073): 30
LogDevObjectVersion:   Dev-Mobile (B02B49B5-BB20-44E9-A304-32B752E40360): 0
LogDevObjectVersion:   Dev-Networking (A4E4105C-59A1-49B5-A7C5-40C4547EDFEE): 0
LogDevObjectVersion:   Dev-Online (39C831C9-5AE6-47DC-9A44-9C173E1C8E7C): 0
LogDevObjectVersion:   Dev-Physics (78F01B33-EBEA-4F98-B9B4-84EACCB95AA2): 0
LogDevObjectVersion:   Dev-Platform (6631380F-2D4D-43E0-8009-CF276956A95A): 0
LogDevObjectVersion:   Dev-Rendering (12F88B9F-8875-4AFC-A67C-D90C383ABD29): 20
LogDevObjectVersion:   Dev-Sequencer (7B5AE74C-D270-4C10-A958-57980B212A5A): 4
LogDevObjectVersion:   Dev-VR (D7296918-1DD6-4BDD-9DE2-64A83CC13884): 0
LogDevObjectVersion:   Dev-LoadTimes (C2A15278-BFE7-4AFE-6C17-90FF531DF755): 1
LogDevObjectVersion:   Private-Geometry (6EACA3D4-40EC-4CC1-B786-8BED09428FC5): 1
LogDevObjectVersion:   Dev-AnimPhys (29E575DD-E0A3-4627-9D10-D276232CDCEA): 12
LogInit: Compiled (64-bit): Jan 12 2018 02:04:55
LogInit: Compiled with Visual C++: 19.00.24215.01
LogInit: Build Configuration: Development
LogInit: Branch Name: ++UE4+Release-4.18
LogInit: Command line:  
LogInit: Base directory: C:/Program Files/Epic Games/UE_4.18/Engine/Binaries/Win64/
LogInit: Installed Engine Build: 1
LogInit: Presizing for max 8388607 objects, including 0 objects not considered by GC, pre-allocating 0 bytes for permanent pool.
LogInit: Object subsystem initialized
[2018.03.06-02.04.18:407][  0]LogInit: Selected Device Profile: [Windows]
[2018.03.06-02.04.18:407][  0]LogInit: Applying CVar settings loaded from the selected device profile: [Windows]
[2018.03.06-02.04.18:455][  0]LogInit: Computer: DESKTOP-55S8FDH
[2018.03.06-02.04.18:455][  0]LogInit: User: sarah
[2018.03.06-02.04.18:455][  0]LogInit: CPU Page size=4096, Cores=2
[2018.03.06-02.04.18:455][  0]LogInit: High frequency timer resolution =2.343748 MHz
[2018.03.06-02.04.18:456][  0]LogMemory: Memory total: Physical=7.9GB (8GB approx)
[2018.03.06-02.04.18:456][  0]LogMemory: Platform Memory Stats for Windows
[2018.03.06-02.04.18:456][  0]LogMemory: Process Physical Memory: 274.04 MB used, 274.04 MB peak
[2018.03.06-02.04.18:456][  0]LogMemory: Process Virtual Memory: 269.23 MB used, 269.23 MB peak
[2018.03.06-02.04.18:456][  0]LogMemory: Physical Memory: 4914.84 MB used,  3125.72 MB free, 8040.55 MB total
[2018.03.06-02.04.18:456][  0]LogMemory: Virtual Memory: 678.65 MB used,  3125.72 MB free, 134217728.00 MB total
[2018.03.06-02.04.18:812][  0]LogInit: Using OS detected language (en-US).
[2018.03.06-02.04.18:812][  0]LogInit: Using OS detected locale (en-US).
[2018.03.06-02.04.18:883][  0]LogTextLocalizationManager: No specific localization for 'en-US' exists, so the 'en' localization will be used.
[2018.03.06-02.04.19:607][  0]LogInit: Setting process to per monitor DPI aware
[2018.03.06-02.04.22:871][  0]LogD3D11RHI: D3D11 adapters:
[2018.03.06-02.04.22:985][  0]LogD3D11RHI:    0. 'NVIDIA GeForce 940M' (Feature Level 11_0)
[2018.03.06-02.04.22:985][  0]LogD3D11RHI:       2020/0/4020 MB DedicatedVideo/DedicatedSystem/SharedSystem, Outputs:1, VendorId:0x10de
[2018.03.06-02.04.23:022][  0]LogD3D11RHI:    1. 'Intel(R) HD Graphics 520' (Feature Level 11_0)
[2018.03.06-02.04.23:022][  0]LogD3D11RHI:       128/0/4020 MB DedicatedVideo/DedicatedSystem/SharedSystem, Outputs:0, VendorId:0x8086
[2018.03.06-02.04.23:033][  0]LogD3D11RHI:    2. 'Microsoft Basic Render Driver' (Feature Level 11_0)
[2018.03.06-02.04.23:033][  0]LogD3D11RHI:       0/0/4020 MB DedicatedVideo/DedicatedSystem/SharedSystem, Outputs:0, VendorId:0x1414
[2018.03.06-02.04.23:034][  0]LogD3D11RHI: Chosen D3D11 Adapter: 0
[2018.03.06-02.04.23:055][  0]LogD3D11RHI: Creating new Direct3DDevice
[2018.03.06-02.04.23:055][  0]LogD3D11RHI:     GPU DeviceId: 0x1347 (for the marketing name, search the web for "GPU Device Id")
[2018.03.06-02.04.23:055][  0]LogWindows: EnumDisplayDevices:
[2018.03.06-02.04.23:056][  0]LogWindows:    0. 'Intel(R) HD Graphics 520' (P:1 D:1)
[2018.03.06-02.04.23:056][  0]LogWindows:    1. 'Intel(R) HD Graphics 520' (P:0 D:0)
[2018.03.06-02.04.23:056][  0]LogWindows:    2. 'Intel(R) HD Graphics 520' (P:0 D:0)
[2018.03.06-02.04.23:057][  0]LogWindows: DebugString: GetVideoDriverDetailsInvalid PrimaryIsNotTheChoosenAdapter GetVideoDriverDetailsInvalid PrimaryIsNotTheChoosenAdapter GetVideoDriverDetailsInvalid PrimaryIsNotTheChoosenAdapter FoundDriverCount:0 
[2018.03.06-02.04.23:057][  0]LogD3D11RHI:     Adapter Name: NVIDIA GeForce 940M
[2018.03.06-02.04.23:057][  0]LogD3D11RHI:   Driver Version: Unknown (internal:Unknown, unified:Unknown)
[2018.03.06-02.04.23:057][  0]LogD3D11RHI:      Driver Date: Unknown
[2018.03.06-02.04.23:057][  0]LogRHI: Texture pool is 1414 MB (70% of 2020 MB)
[2018.03.06-02.04.23:097][  0]LogD3D11RHI: Async texture creation enabled
[2018.03.06-02.04.23:113][  0]LogD3D11RHI: GPU Timing Frequency: 1000.000000 (Debug: 2 1)
[2018.03.06-02.04.23:114][  0]LogShaderCompilers: Guid format shader working directory is -34 characters bigger than the processId version (../../../../../../Users/sarah/source/repos/Unreal-Engine/Escape Game/EscapeGame/Intermediate/Shaders/WorkingDirectory/15544/).
[2018.03.06-02.04.23:114][  0]LogShaderCompilers: Cleaned the shader compiler working directory 'C:/Users/sarah/AppData/Local/Temp/UnrealShaderWorkingDir/647AB63E4FC734B1635E79BFC6938370/'.
[2018.03.06-02.04.23:114][  0]LogShaderCompilers: Display: Using Local Shader Compiler.
[2018.03.06-02.04.25:813][  0]LogTemp: Display: Loaded TP AllDesktopTargetPlatform
[2018.03.06-02.04.25:909][  0]LogTemp: Display: Loaded TP MacClientTargetPlatform
[2018.03.06-02.04.26:037][  0]LogTemp: Display: Loaded TP MacNoEditorTargetPlatform
[2018.03.06-02.04.26:133][  0]LogTemp: Display: Loaded TP MacServerTargetPlatform
[2018.03.06-02.04.26:252][  0]LogTemp: Display: Loaded TP MacTargetPlatform
[2018.03.06-02.04.26:347][  0]LogTemp: Display: Loaded TP WindowsClientTargetPlatform
[2018.03.06-02.04.26:443][  0]LogTemp: Display: Loaded TP WindowsNoEditorTargetPlatform
[2018.03.06-02.04.26:573][  0]LogTemp: Display: Loaded TP WindowsServerTargetPlatform
[2018.03.06-02.04.26:666][  0]LogTemp: Display: Loaded TP WindowsTargetPlatform
[2018.03.06-02.04.26:778][  0]LogTemp: Display: Loaded TP Android_ASTCTargetPlatform
[2018.03.06-02.04.26:874][  0]LogTemp: Display: Loaded TP Android_ATCTargetPlatform
[2018.03.06-02.04.26:985][  0]LogTemp: Display: Loaded TP Android_DXTTargetPlatform
[2018.03.06-02.04.27:082][  0]LogTemp: Display: Loaded TP Android_ETC1TargetPlatform
[2018.03.06-02.04.27:177][  0]LogTemp: Display: Loaded TP Android_ETC2TargetPlatform
[2018.03.06-02.04.27:415][  0]LogTemp: Display: Loaded TP Android_MultiTargetPlatform
[2018.03.06-02.04.27:415][  0]LogTemp: Display: Loaded TP Android_PVRTCTargetPlatform
[2018.03.06-02.04.27:528][  0]LogTemp: Display: Loaded TP AndroidTargetPlatform
[2018.03.06-02.04.27:625][  0]LogTemp: Display: Loaded TP HTML5TargetPlatform
[2018.03.06-02.04.27:858][  0]LogTemp: Display: Loaded TP IOSTargetPlatform
[2018.03.06-02.04.27:927][  0]LogTemp: Display: Loaded TP TVOSTargetPlatform
[2018.03.06-02.04.28:042][  0]LogTemp: Display: Loaded TP LinuxClientTargetPlatform
[2018.03.06-02.04.28:134][  0]LogTemp: Display: Loaded TP LinuxNoEditorTargetPlatform
[2018.03.06-02.04.28:251][  0]LogTemp: Display: Loaded TP LinuxServerTargetPlatform
[2018.03.06-02.04.28:351][  0]LogTemp: Display: Loaded TP LinuxTargetPlatform
[2018.03.06-02.04.28:351][  0]LogTargetPlatformManager: Display: Building Assets For Windows
[2018.03.06-02.04.29:405][  0]LogDerivedDataCache: Display: Max Cache Size: 512 MB
[2018.03.06-02.04.29:580][  0]LogDerivedDataCache: Loaded boot cache 0.17s 78MB C:/Users/sarah/AppData/Local/UnrealEngine/4.18/DerivedDataCache/Boot.ddc.
[2018.03.06-02.04.29:581][  0]LogDerivedDataCache: Display: Loaded Boot cache: C:/Users/sarah/AppData/Local/UnrealEngine/4.18/DerivedDataCache/Boot.ddc
[2018.03.06-02.04.29:581][  0]LogDerivedDataCache: FDerivedDataBackendGraph:  Pak pak cache file ../../../../../../Users/sarah/source/repos/Unreal-Engine/Escape Game/EscapeGame/DerivedDataCache/DDC.ddp not found, will not use a pak cache.
[2018.03.06-02.04.29:581][  0]LogDerivedDataCache: Unable to find inner node Pak for hierarchical cache Hierarchy.
[2018.03.06-02.04.29:581][  0]LogDerivedDataCache: FDerivedDataBackendGraph:  CompressedPak pak cache file ../../../../../../Users/sarah/source/repos/Unreal-Engine/Escape Game/EscapeGame/DerivedDataCache/Compressed.ddp not found, will not use a pak cache.
[2018.03.06-02.04.29:581][  0]LogDerivedDataCache: Unable to find inner node CompressedPak for hierarchical cache Hierarchy.
[2018.03.06-02.04.29:611][  0]LogDerivedDataCache: Display: Pak cache opened for reading ../../../Engine/DerivedDataCache/Compressed.ddp.
[2018.03.06-02.04.29:624][  0]LogDerivedDataCache: Using Local data cache path C:/Users/sarah/AppData/Local/UnrealEngine/Common/DerivedDataCache: Writable
[2018.03.06-02.04.29:655][  0]LogMaterial: Verifying Global Shaders for PCD3D_SM5
[2018.03.06-02.04.29:656][  0]LogSlate: Using Freetype 2.6.0
[2018.03.06-02.04.29:681][  0]LogSlate: SlateFontCache - WITH_FREETYPE: 1, WITH_HARFBUZZ: 1
[2018.03.06-02.04.29:681][  0]LogSlate: SlateFontCache - WITH_FREETYPE: 1, WITH_HARFBUZZ: 1
[2018.03.06-02.04.30:875][  0]LogInit: Selected Device Profile: [Windows]
[2018.03.06-02.04.31:571][  0]LogSimplygon: Simplygon DLL not present - disabling.
[2018.03.06-02.04.31:651][  0]LogMeshReduction: Using SimplygonSwarm for distributed automatic mesh merging
[2018.03.06-02.04.31:651][  0]LogMeshReduction: Using QuadricMeshReduction for automatic static mesh reduction
[2018.03.06-02.04.31:651][  0]LogMeshReduction: No automatic skeletal mesh reduction module available
[2018.03.06-02.04.31:651][  0]LogMeshReduction: No automatic mesh merging module available
[2018.03.06-02.04.31:651][  0]LogMeshMerging: No automatic mesh merging module available
[2018.03.06-02.04.31:703][  0]LogNetVersion: EscapeGame , NetCL: 3709383, EngineNetVer: 2, GameNetVer: 0 (Checksum: 3803918053)
[2018.03.06-02.04.32:036][  0]LogAssetRegistry: FAssetRegistry took 0.0286 seconds to start up
[2018.03.06-02.04.33:326][  0]LogPackageLocalizationCache: Processed 7 localized package path(s) for 2 prioritized culture(s) in 0.294954 seconds
[2018.03.06-02.04.33:339][  0]LogUObjectArray: 35870 objects as part of root set at end of initial load.
[2018.03.06-02.04.33:339][  0]LogUObjectAllocator: 7363696 out of 0 bytes used by permanent object pool.
[2018.03.06-02.04.33:339][  0]LogUObjectArray: CloseDisregardForGC: 0/0 objects in disregard for GC pool
[2018.03.06-02.04.33:501][  0]LogInit: WinSock: version 1.1 (2.2), MaxSocks=32767, MaxUdp=65467
[2018.03.06-02.04.43:582][  0]LogTcpMessaging: Initializing TcpMessaging bridge
[2018.03.06-02.04.43:663][  0]LogUdpMessaging: Initializing bridge on interface 0.0.0.0:0 to multicast group 230.0.0.1:6666.
[2018.03.06-02.04.45:198][  0]LogMaterial: Uniform references updated for custom material expression Custom.
[2018.03.06-02.04.46:198][  0]SourceControl: Source control is disabled
[2018.03.06-02.04.49:602][  0]LogAndroidPermission: UAndroidPermissionCallbackProxy::GetInstance
[2018.03.06-02.04.50:203][  0]LogOcInput: OculusInput pre-init called
[2018.03.06-02.04.50:749][  0]LogEngine: Initializing Engine...
[2018.03.06-02.04.50:753][  0]LogHMD: Failed to initialize OpenVR with code 110
[2018.03.06-02.04.51:153][  0]LogStats: UGameplayTagsManager::ConstructGameplayTagTree: Construct from data asset -  0.000 s
[2018.03.06-02.04.51:153][  0]LogStats: UGameplayTagsManager::ConstructGameplayTagTree: GameplayTagTreeChangedEvent.Broadcast -  0.000 s
[2018.03.06-02.04.51:462][  0]LogAIModule: Creating AISystem for world Untitled
[2018.03.06-02.04.51:474][  0]LogInit: XAudio2 using 'Speakers (Conexant SmartAudio HD)' : 2 channels at 48 kHz using 32 bits per sample (channel mask 0x3)
[2018.03.06-02.04.51:504][  0]LogInit: FAudioDevice initialized.
[2018.03.06-02.04.51:638][  0]LogDerivedDataCache: Saved boot cache 0.13s 78MB C:/Users/sarah/AppData/Local/UnrealEngine/4.18/DerivedDataCache/Boot.ddc.
[2018.03.06-02.04.51:658][  0]LogInit: Texture streaming: Enabled
[2018.03.06-02.04.51:878][  0]LogEngineSessionManager: EngineSessionManager initialized
[2018.03.06-02.04.52:164][  0]LogInit: Transaction tracking system initialized
[2018.03.06-02.04.52:871][  0]BlueprintLog: New page: Editor Load
[2018.03.06-02.04.54:889][  0]LocalizationService: Localization service is disabled
[2018.03.06-02.04.56:646][  0]LogConsoleResponse: Display: 
[2018.03.06-02.04.57:021][  0]LogCook: Display: Max memory allowance for cook 16384mb min free memory 0mb
[2018.03.06-02.04.57:021][  0]LogCook: Display: Mobile HDR setting 1
[2018.03.06-02.04.57:022][  0]LogGameplayTags: Display: UGameplayTagsManager::DoneAddingNativeTags. DelegateIsBound: 0
[2018.03.06-02.04.57:456][  0]LogFileCache: Scanning file cache for directory 'C:/Users/sarah/source/repos/Unreal-Engine/Escape Game/EscapeGame/Content/' took 0.02s
[2018.03.06-02.04.59:997][  0]Cmd: MAP LOAD FILE="../../../../../../Users/sarah/source/repos/Unreal-Engine/Escape Game/EscapeGame/Content/StarterContent/Maps/Minimal_Default.umap" TEMPLATE=0 SHOWPROGRESS=1 FEATURELEVEL=3
[2018.03.06-02.04.59:998][  0]LightingResults: New page: Lighting Build
[2018.03.06-02.05.00:118][  0]MapCheck: New page: Map Check
[2018.03.06-02.05.00:118][  0]LightingResults: New page: Lighting Build
[2018.03.06-02.05.00:797][  0]LogAIModule: Creating AISystem for world Minimal_Default
[2018.03.06-02.05.00:825][  0]LogEditorServer: Finished looking for orphan Actors (0.000 secs)
[2018.03.06-02.05.00:852][  0]Cmd: MAP CHECKDEP NOCLEARLOG
[2018.03.06-02.05.00:955][  0]MapCheck: Map check complete: 0 Error(s), 0 Warning(s), took 102.926ms to complete.
[2018.03.06-02.05.00:955][  0]LogFileHelpers: Loading map 'Minimal_Default' took 0.958
[2018.03.06-02.05.01:047][  0]LogWindowsTextInputMethodSystem: Display: IME system now deactivated.
[2018.03.06-02.05.01:047][  0]LogWindowsTextInputMethodSystem: Display: IME system now deactivated.
[2018.03.06-02.05.01:216][  0]LogCollectionManager: Loaded 0 collections in 0.003583 seconds
[2018.03.06-02.05.01:386][  0]LogFileCache: Scanning file cache for directory 'C:/Users/sarah/source/repos/Unreal-Engine/Escape Game/EscapeGame/Saved/Collections/' took 0.01s
[2018.03.06-02.05.01:386][  0]LogFileCache: Scanning file cache for directory 'C:/Users/sarah/source/repos/Unreal-Engine/Escape Game/EscapeGame/Content/Developers/sarah/Collections/' took 0.01s
[2018.03.06-02.05.01:386][  0]LogFileCache: Scanning file cache for directory 'C:/Users/sarah/source/repos/Unreal-Engine/Escape Game/EscapeGame/Content/Collections/' took 0.01s
[2018.03.06-02.05.01:387][  0]LogCollectionManager: Rebuilt the GUID cache for 0 collections in 0.000001 seconds
[2018.03.06-02.05.01:405][  0]LogContentBrowser: Native class hierarchy populated in 0.0177 seconds. Added 2364 classes and 521 folders.
[2018.03.06-02.05.01:582][  0]LogContentBrowser: Native class hierarchy updated for 'WidgetCarousel' in 0.0017 seconds. Added 0 classes and 0 folders.
[2018.03.06-02.05.01:659][  0]LogContentBrowser: Native class hierarchy updated for 'AddContentDialog' in 0.0010 seconds. Added 0 classes and 0 folders.
[2018.03.06-02.05.01:737][  0]LogContentBrowser: Native class hierarchy updated for 'SceneOutliner' in 0.0014 seconds. Added 1 classes and 2 folders.
[2018.03.06-02.05.01:945][  0]LogContentBrowser: Native class hierarchy updated for 'HierarchicalLODOutliner' in 0.0015 seconds. Added 1 classes and 2 folders.
[2018.03.06-02.05.01:945][  0]LogLoad: (Engine Initialization) Total time: 50.13 seconds
[2018.03.06-02.05.01:945][  0]LogLoad: (Engine Initialization) Total Blueprint compile time: 0.00 seconds
[2018.03.06-02.05.01:946][  0]LogExternalProfiler: No external profilers were discovered.  External profiling features will not be available.
[2018.03.06-02.05.01:985][  0]SourceControl: On branch master
[2018.03.06-02.05.01:985][  0]SourceControl: Your branch is up to date with 'origin/master'.
[2018.03.06-02.05.01:985][  0]SourceControl: Changes not staged for commit:
[2018.03.06-02.05.01:985][  0]SourceControl:   (use "git add <file>..." to update what will be committed)
[2018.03.06-02.05.01:985][  0]SourceControl:   (use "git checkout -- <file>..." to discard changes in working directory)
[2018.03.06-02.05.01:985][  0]SourceControl: 	modified:   Escape Game/EscapeGame/Intermediate/CachedAssetRegistry.bin
[2018.03.06-02.05.01:985][  0]SourceControl: 	modified:   Escape Game/EscapeGame/Saved/Config/Windows/EditorPerProjectUserSettings.ini
[2018.03.06-02.05.01:985][  0]SourceControl: 	modified:   Escape Game/EscapeGame/Saved/Config/Windows/Engine.ini
[2018.03.06-02.05.01:985][  0]SourceControl: 	modified:   Escape Game/EscapeGame/Saved/Config/Windows/SourceControlSettings.ini
[2018.03.06-02.05.01:985][  0]SourceControl: 	modified:   Escape Game/EscapeGame/Saved/Logs/EscapeGame.log
[2018.03.06-02.05.01:985][  0]SourceControl: Untracked files:
[2018.03.06-02.05.01:985][  0]SourceControl:   (use "git add <file>..." to include in what will be committed)
[2018.03.06-02.05.01:985][  0]SourceControl: 	Escape Game/EscapeGame/Saved/Config/CrashReportClient/UE4CC-Windows-57AFBBA54D6D5DFF69014AB8311C1F59/
[2018.03.06-02.05.01:985][  0]SourceControl: 	Escape Game/EscapeGame/Saved/Logs/EscapeGame-backup-2018.03.05-18.04.14.log
[2018.03.06-02.05.01:985][  0]SourceControl: no changes added to commit (use "git add" and/or "git commit -a")
[2018.03.06-02.05.01:986][  0]LogContentStreaming: Texture pool size now 1000 MB
[2018.03.06-02.05.01:991][  0]LogSlate: Took 0.000780 seconds to synchronously load lazily loaded font '../../../Engine/Content/Slate/Fonts/Roboto-Regular.ttf' (155K)
[2018.03.06-02.05.01:995][  0]LogSlate: Took 0.000233 seconds to synchronously load lazily loaded font '../../../Engine/Content/Slate/Fonts/Roboto-Bold.ttf' (160K)
[2018.03.06-02.05.02:002][  0]LogSlate: Took 0.000247 seconds to synchronously load lazily loaded font '../../../Engine/Content/Editor/Slate/Fonts/FontAwesome.ttf' (139K)
[2018.03.06-02.05.02:136][  0]LogSlate: Took 0.000324 seconds to synchronously load lazily loaded font '../../../Engine/Content/Slate/Fonts/Roboto-Light.ttf' (159K)
[2018.03.06-02.05.02:179][  1]LogAssetRegistry: Asset discovery search completed in 30.1659 seconds
[2018.03.06-02.05.02:182][  1]LogCollectionManager: Rebuilt the object cache for 0 collections in 0.000000 seconds (found 0 objects)
[2018.03.06-02.05.02:182][  1]LogCollectionManager: Fixed up redirectors for 0 collections in 0.000076 seconds (updated 0 objects)
[2018.03.06-02.05.02:245][  2]LogRenderer: Reallocating scene render targets to support 800x360 Format 10 NumSamples 1 (Frame:1).
[2018.03.06-02.19.33:774][296]LogRenderer: Reallocating scene render targets to support 808x360 Format 10 NumSamples 1 (Frame:47286).
[2018.03.06-02.20.02:645][752]LogEditorViewport: Clicking on Actor (LMB): StaticMeshActor (Chair)
[2018.03.06-02.20.20:826][665]LogSlate: Took 0.000256 seconds to synchronously load lazily loaded font '../../../Engine/Content/Slate/Fonts/Roboto-Light.ttf' (159K)
[2018.03.06-02.20.21:046][665]LogSavePackage: Save=146.39ms
[2018.03.06-02.20.21:047][665]LogSavePackage: Moving '../../../../../../Users/sarah/source/repos/Unreal-Engine/Escape Game/EscapeGame/Saved/Minimal_DefaultA13A77ED40E06CF441C696B7CAD39067.tmp' to '../../../../../../Users/sarah/source/repos/Unreal-Engine/Escape Game/EscapeGame/Content/StarterContent/Maps/Minimal_Default.umap'
[2018.03.06-02.20.21:070][665]LogSavePackage: Display: Finished SavePackage ../../../../../../Users/sarah/source/repos/Unreal-Engine/Escape Game/EscapeGame/Content/StarterContent/Maps/Minimal_Default.umap
[2018.03.06-02.20.21:494][665]LogSavePackage: Save=116.42ms
[2018.03.06-02.20.21:494][665]LogSavePackage: Moving '../../../../../../Users/sarah/source/repos/Unreal-Engine/Escape Game/EscapeGame/Saved/Minimal_Default_BuiltData4BA2E4F3422F2F70021AFCA63D67C107.tmp' to '../../../../../../Users/sarah/source/repos/Unreal-Engine/Escape Game/EscapeGame/Content/StarterContent/Maps/Minimal_Default_BuiltData.uasset'
[2018.03.06-02.20.21:506][665]LogSavePackage: Display: Finished SavePackage ../../../../../../Users/sarah/source/repos/Unreal-Engine/Escape Game/EscapeGame/Content/StarterContent/Maps/Minimal_Default_BuiltData.uasset
[2018.03.06-02.20.35:371][382]LogEditorViewport: Clicking on Actor (LMB): BP_Sky_Sphere_C (BP_Sky_Sphere)
[2018.03.06-02.20.35:735][397]Cmd: TRANSACTION UNDO
[2018.03.06-02.20.35:735][397]LogEditorTransaction: Undo Clicking on Actors
[2018.03.06-02.20.35:788][397]LogSlate: Took 0.000337 seconds to synchronously load lazily loaded font '../../../Engine/Content/Slate/Fonts/Roboto-Light.ttf' (159K)
[2018.03.06-02.20.43:394][774]LogEditorViewport: Clicking on Actor (LMB): BP_Sky_Sphere_C (BP_Sky_Sphere)
[2018.03.06-02.20.43:995][802]Cmd: TRANSACTION UNDO
[2018.03.06-02.20.43:995][802]LogEditorTransaction: Undo Clicking on Actors
[2018.03.06-02.21.08:429][967]Cmd: MAP LOAD FILE="../../../Engine/Content/Maps/Templates/Template_Default.umap" TEMPLATE=1 SHOWPROGRESS=1 FEATURELEVEL=3
[2018.03.06-02.21.08:465][967]LightingResults: New page: Lighting Build
[2018.03.06-02.21.08:468][967]LoadErrors: New page: Loading map: Template_Default.umap
[2018.03.06-02.21.08:481][967]MapCheck: New page: Map Check
[2018.03.06-02.21.08:482][967]LightingResults: New page: Lighting Build
[2018.03.06-02.21.08:685][967]LogAIModule: Creating AISystem for world Untitled_1
[2018.03.06-02.21.08:699][967]LogEditorServer: Finished looking for orphan Actors (0.000 secs)
[2018.03.06-02.21.08:725][967]Cmd: MAP CHECKDEP NOCLEARLOG
[2018.03.06-02.21.08:811][967]MapCheck: Map check complete: 0 Error(s), 0 Warning(s), took 84.958ms to complete.
[2018.03.06-02.21.08:811][967]LogFileHelpers: Loading map 'Template_Default' took 0.383
[2018.03.06-02.21.40:609][404]LogEditorViewport: Clicking on Actor (LMB): BP_Sky_Sphere_C (Sky Sphere)
[2018.03.06-02.21.44:744][618]LogEditorViewport: Clicking on Actor (LMB): StaticMeshActor (Floor)
[2018.03.06-02.21.45:946][667]SourceControl: Error: fatal: Invalid path '/Temp': No such file or directory
[2018.03.06-02.22.02:769][667]Cmd: OBJ SAVEPACKAGE PACKAGE="/Game/NewMap" FILE="../../../../../../Users/sarah/source/repos/Unreal-Engine/Escape Game/EscapeGame/Content/NewMap.umap" SILENT=true AUTOSAVING=false KEEPDIRTY=false
[2018.03.06-02.22.02:885][667]LogSavePackage: Save=51.15ms
[2018.03.06-02.22.02:885][667]LogSavePackage: Moving '../../../../../../Users/sarah/source/repos/Unreal-Engine/Escape Game/EscapeGame/Saved/NewMapAE22BA5B4EF90C06B79A4B87771F2B26.tmp' to '../../../../../../Users/sarah/source/repos/Unreal-Engine/Escape Game/EscapeGame/Content/NewMap.umap'
[2018.03.06-02.22.02:893][667]LogSavePackage: Display: Finished SavePackage ../../../../../../Users/sarah/source/repos/Unreal-Engine/Escape Game/EscapeGame/Content/NewMap.umap
[2018.03.06-02.22.03:719][667]Cmd: OBJ SAVEPACKAGE PACKAGE="/Game/NewMap_BuiltData" FILE="../../../../../../Users/sarah/source/repos/Unreal-Engine/Escape Game/EscapeGame/Content/NewMap_BuiltData.uasset" SILENT=true
[2018.03.06-02.22.03:759][667]LogSavePackage: Save=31.33ms
[2018.03.06-02.22.03:759][667]LogSavePackage: Moving '../../../../../../Users/sarah/source/repos/Unreal-Engine/Escape Game/EscapeGame/Saved/NewMap_BuiltData24A59B9E4F74EC807E7E10A7EDBD64BE.tmp' to '../../../../../../Users/sarah/source/repos/Unreal-Engine/Escape Game/EscapeGame/Content/NewMap_BuiltData.uasset'
[2018.03.06-02.22.03:769][667]LogSavePackage: Display: Finished SavePackage ../../../../../../Users/sarah/source/repos/Unreal-Engine/Escape Game/EscapeGame/Content/NewMap_BuiltData.uasset
[2018.03.06-02.22.04:171][667]SourceControl: Error: The following paths are ignored by one of your .gitignore files:
[2018.03.06-02.22.04:171][667]SourceControl: Error: Escape Game/EscapeGame/Content/NewMap_BuiltData.uasset
[2018.03.06-02.22.04:171][667]SourceControl: Error: Use -f if you really want to add them.
[2018.03.06-02.22.04:184][667]LogFileHelpers: Saving map 'NewMap' took 1.545
[2018.03.06-02.22.04:746][682]SourceControl: Error: fatal: Invalid path '/Temp': No such file or directory
[2018.03.06-02.22.25:389][272]LogSlate: Only BGRA pngs, bmps or icos are supported in by External Image Picker
[2018.03.06-02.22.25:515][274]LogTemp: Executing iPhonePackager certificates Engine -bundlename com.YourCompany.EscapeGame
[2018.03.06-02.22.25:515][274]LogTemp: CWD: C:\Program Files\Epic Games\UE_4.18\Engine\Binaries\DotNET\IOS
[2018.03.06-02.22.25:515][274]LogTemp: Initial Dir: C:\Program Files\Epic Games\UE_4.18
[2018.03.06-02.22.25:515][274]LogTemp: Env CWD: C:\Program Files\Epic Games\UE_4.18\Engine\Binaries\DotNET\IOS
[2018.03.06-02.22.25:522][274]LogTemp: BranchPath = DESKTOP-55S8FDH/C/Program Files/Epic Games/UE_4.18/Engine/Binaries --- GameBranchPath = DESKTOP-55S8FDH/C/Program Files/Epic Games/UE_4.18/Engine/Binaries
[2018.03.06-02.22.25:611][275]LogTemp: IPP ERROR: Could not find provision directory 'C:\Users\sarah\AppData\Local/Apple Computer/MobileDevice/Provisioning Profiles/'.
[2018.03.06-02.22.39:202][835]LogUObjectGlobals: Warning: Failed to find object 'Class /Script/EscapeGame.EscapeGameGameMode'
[2018.03.06-02.22.57:673][567]SourceControl: Error: fatal: Invalid path '/Script': No such file or directory
[2018.03.06-02.23.25:360][757]LogEditorViewport: Clicking on Actor (LMB): BP_Sky_Sphere_C (Sky Sphere)
[2018.03.06-02.23.26:194][782]Cmd: OBJ SAVEPACKAGE PACKAGE="/Game/NewMap" FILE="../../../../../../Users/sarah/source/repos/Unreal-Engine/Escape Game/EscapeGame/Content/NewMap.umap" SILENT=true AUTOSAVING=false KEEPDIRTY=false
[2018.03.06-02.23.26:281][782]LogSavePackage: Save=49.22ms
[2018.03.06-02.23.26:282][782]LogSavePackage: Moving '../../../../../../Users/sarah/source/repos/Unreal-Engine/Escape Game/EscapeGame/Saved/NewMapBAF1959C40C81AEF9BAB4F8763517FE0.tmp' to '../../../../../../Users/sarah/source/repos/Unreal-Engine/Escape Game/EscapeGame/Content/NewMap.umap'
[2018.03.06-02.23.26:294][782]LogSavePackage: Display: Finished SavePackage ../../../../../../Users/sarah/source/repos/Unreal-Engine/Escape Game/EscapeGame/Content/NewMap.umap
[2018.03.06-02.23.26:576][782]Cmd: OBJ SAVEPACKAGE PACKAGE="/Game/NewMap_BuiltData" FILE="../../../../../../Users/sarah/source/repos/Unreal-Engine/Escape Game/EscapeGame/Content/NewMap_BuiltData.uasset" SILENT=true
[2018.03.06-02.23.26:625][782]LogSavePackage: Save=28.45ms
[2018.03.06-02.23.26:625][782]LogSavePackage: Moving '../../../../../../Users/sarah/source/repos/Unreal-Engine/Escape Game/EscapeGame/Saved/NewMap_BuiltData3DDFD00748795EFC3B9BC7A543CDB2F0.tmp' to '../../../../../../Users/sarah/source/repos/Unreal-Engine/Escape Game/EscapeGame/Content/NewMap_BuiltData.uasset'
[2018.03.06-02.23.26:636][782]LogSavePackage: Display: Finished SavePackage ../../../../../../Users/sarah/source/repos/Unreal-Engine/Escape Game/EscapeGame/Content/NewMap_BuiltData.uasset
